Check global input consistency...
Done.
- Energy parameter is set to Cassiopeia.
- Finished with read_parameters.
  Reading topology file: /home/mink/git/GalaxyPepDock_src/data/topology_charmm22ph.in
  Reading topology file: /home/mink/git/GalaxyPepDock_src/data/topology_charmm22ph_nt.in
  Reading topology file: /home/mink/git/GalaxyPepDock_src/data/topology_charmm22ph_ct.in
- Finished with read_topology_geo.
  Reading topology file: /home/mink/git/GalaxyPepDock_src/data/topology_eng_charmm22ph.in
  Num_ref_res =    77
- Finished with read_topology_eng.
- Rotamer setup
  Reading rotamer library file  /home/mink/git/GalaxyPepDock_src/data/bbdep02.May.sortlib
  Total number of rotamers in rot lib file      466829
  Reading infile_chi_def file  /home/mink/git/GalaxyPepDock_src/data/def_chi.in
  Random seed =     565014
Reading generate_model_input
============================================================
------------------------------------------------------------
  Reading sequence from pdb file: out_multi_init.pdb
  Reading pdb file: out_multi_init.pdb
- Add missing atoms activated.
  Number of added heavy atoms =     0
  Total number of added atoms =     0
  n_unplaced =     0
- Fix type "all" activated: All atoms except ULR/USC are fixed.
- Energy: MM energy activated.
- Energy: Solvation energy activated.
- Energy: Rotamer score activated.
- Energy: Ramachandran score activated.
  Ramachandran score mode is set to "neighbor-dependent".
- Energy: Rosetta H-bond energy activated.
- Energy: dDFIRE energy activated.
Schedule is set to VTFM default.
- Add missing atoms activated.
  Number of added heavy atoms =     0
  Total number of added atoms =     0
  n_unplaced =     0
------------------------------------------------------------
  1183 Restraints found from {rsr_file}.
  1183 restraints are set to Regular type with maximum 100 parameters.
     0 restraints are set to Long type with maximum 400 parameters.
- Add missing atoms activated.
  Number of added heavy atoms =     0
  Total number of added atoms =     0
  n_unplaced =     0
------------------------------------------------------------
- Add missing atoms activated.
  Number of added heavy atoms =     0
  Total number of added atoms =     0
  n_unplaced =     0
------------------------------------------------------------
  1180 Restraints found from {rsr_file}.
  1180 restraints are set to Regular type with maximum 100 parameters.
     0 restraints are set to Long type with maximum 400 parameters.
------------------------------------------------------------
Total User Time =    312.011 sec
           0 dy  0 hr  5 min 12.011 sec
------------------------------------------------------------
